<?xml version="1.0" encoding="UTF-8"?>
<testsuite xmlns:xsi="http://www.w3.org/2001/XMLSchema-instance" xsi:noNamespaceSchemaLocation="https://maven.apache.org/surefire/maven-surefire-plugin/xsd/surefire-test-report.xsd" version="3.0.2" name="com.example.demo.mapper.MemberMapperTest" time="0.033" tests="4" errors="0" skipped="0" failures="0" flakes="0">
  <properties>
[...]
</properties>
  <testcase name="insertMemberTest" classname="com.example.demo.mapper.MemberMapperTest" time="0.016">
    <system-out><![CDATA[2026-08-19T15:03:20.764+09:00  INFO 13864 --- [test01] [           main] t.c.s.AnnotationConfigContextLoaderUtils : Could not detect default configuration classes for test class [com.example.demo.mapper.MemberMapperTest]: MemberMapperTest does not declare any static, non-private, non-final, nested classes annotated with @Configuration.
2026-08-19T15:03:20.765+09:00  INFO 13864 --- [test01] [           main] .b.t.c.SpringBootTestContextBootstrapper : Found @SpringBootConfiguration com.example.demo.Test01Application for test class com.example.demo.mapper.MemberMapperTest
2026-08-19T15:03:20.765+09:00  INFO 13864 --- [test01] [           main] t.c.s.AnnotationConfigContextLoaderUtils : Could not detect default configuration classes for test class [com.example.demo.mapper.MemberMapperTest]: MemberMapperTest does not declare any static, non-private, non-final, nested classes annotated with @Configuration.
2026-08-19T15:03:20.766+09:00  INFO 13864 --- [test01] [           main] .b.t.c.SpringBootTestContextBootstrapper : Found @SpringBootConfiguration com.example.demo.Test01Application for test class com.example.demo.mapper.MemberMapperTest
]]></system-out>
  </testcase>
  <testcase name="findByIdTest" classname="com.example.demo.mapper.MemberMapperTest" time="0.006">
    <system-out><![CDATA[2026-08-19T15:03:20.789+09:00  INFO 13864 --- [test01] [           main] c.example.demo.mapper.MemberMapperTest   : member: number=194, id=aaaaaaaa, userName=my name sss, email=a01055136572@gmail.com, role=USER
]]></system-out>
  </testcase>
  <testcase name="deleteMemberTest" classname="com.example.demo.mapper.MemberMapperTest" time="0.002">
    <system-out><![CDATA[2026-08-19T15:03:20.792+09:00  INFO 13864 --- [test01] [           main] c.example.demo.mapper.MemberMapperTest   : 회원탈퇴 결과: 0
]]></system-out>
  </testcase>
  <testcase name="updateMemberTest" classname="com.example.demo.mapper.MemberMapperTest" time="0.002"/>
</testsuite>